2023-03-08 19:32:00,184 [Worker-6: Loading available Gradle versions] INFO  o.e.b.c.i.u.g.PublishedGradleVersions - Gradle version information cache is up-to-date. Trying to read.
2023-03-08 19:32:23,092 [Worker-11: Importing Maven projects] INFO  o.e.m.c.i.l.LifecycleMappingFactory - Using org.eclipse.m2e.jdt.JarLifecycleMapping lifecycle mapping for MavenProject: com.springboot:springboot-first-app:0.0.1-SNAPSHOT @ D:\Jayati\Training\SpringbootProject\springboot-first-app\springboot-first-app\pom.xml.
2023-03-08 19:32:23,995 [Worker-11: Importing Maven projects] INFO  o.e.m.j.i.AbstractJavaProjectConfigurator - Adding source folder /springboot-first-app/src/main/java
2023-03-08 19:32:23,996 [Worker-11: Importing Maven projects] INFO  o.e.m.j.i.AbstractJavaProjectConfigurator - Adding resource folder /springboot-first-app/src/main/resources
2023-03-08 19:32:24,005 [Worker-11: Importing Maven projects] INFO  o.e.m.j.i.AbstractJavaProjectConfigurator - Adding resource folder /springboot-first-app/src/main/resources
2023-03-08 19:32:24,014 [Worker-11: Importing Maven projects] INFO  o.e.m.j.i.AbstractJavaProjectConfigurator - Adding source folder /springboot-first-app/src/test/java
2023-03-08 19:32:26,328 [Worker-11: Importing Maven projects] INFO  o.e.m.c.i.p.ProjectConfigurationManager - Imported and configured 1 project(s) in 5 sec
2023-03-08 19:32:28,119 [Worker-6: Building] INFO  o.a.m.s.f.DefaultMavenResourcesFiltering - Copying 1 resource
2023-03-08 19:32:28,157 [Worker-6: Building] INFO  o.a.m.s.f.DefaultMavenResourcesFiltering - Copying 0 resource
2023-03-08 19:32:28,162 [Worker-6: Building] INFO  o.a.m.s.f.DefaultMavenResourcesFiltering - skip non existing resourceDirectory D:\Jayati\Training\SpringbootProject\springboot-first-app\springboot-first-app\src\test\resources
2023-03-08 19:37:42,278 [Worker-14: Building] INFO  o.a.m.s.f.DefaultMavenResourcesFiltering - Copying 1 resource
2023-03-08 19:37:42,297 [Worker-14: Building] INFO  o.a.m.s.f.DefaultMavenResourcesFiltering - Copying 0 resource
2023-03-08 19:37:42,301 [Worker-14: Building] INFO  o.a.m.s.f.DefaultMavenResourcesFiltering - skip non existing resourceDirectory D:\Jayati\Training\SpringbootProject\springboot-first-app\springboot-first-app\src\test\resources
2023-03-08 19:39:45,308 [Worker-1: Building] INFO  o.a.m.s.f.DefaultMavenResourcesFiltering - Copying 1 resource
2023-03-08 19:39:45,319 [Worker-1: Building] INFO  o.a.m.s.f.DefaultMavenResourcesFiltering - Copying 0 resource
2023-03-08 19:39:45,321 [Worker-1: Building] INFO  o.a.m.s.f.DefaultMavenResourcesFiltering - skip non existing resourceDirectory D:\Jayati\Training\SpringbootProject\springboot-first-app\springboot-first-app\src\test\resources
2023-03-08 22:55:06,157 [main] INFO  o.e.m2e.actions.ExecutePomAction - Creating new launch configuration
2023-03-08 22:55:38,586 [Worker-14: Launching springboot-first-app] INFO  o.e.m.i.launch.MavenLaunchDelegate - D:\Jayati\Training\SpringbootProject\springboot-first-app\springboot-first-app
2023-03-08 22:55:38,587 [Worker-14: Launching springboot-first-app] INFO  o.e.m.i.launch.MavenLaunchDelegate -  mvn -B clean install -X
2023-03-08 23:08:40,482 [Worker-14: Building] INFO  o.a.m.s.f.DefaultMavenResourcesFiltering - Copying 0 resource
2023-03-08 23:08:40,483 [Worker-14: Building] INFO  o.a.m.s.f.DefaultMavenResourcesFiltering - Copying 0 resource
2023-03-08 23:08:40,487 [Worker-14: Building] INFO  o.a.m.s.f.DefaultMavenResourcesFiltering - skip non existing resourceDirectory D:\Jayati\Training\SpringbootProject\springboot-first-app\springboot-first-app\src\test\resources
2023-03-08 23:12:36,280 [Worker-36: Building] INFO  o.a.m.s.f.DefaultMavenResourcesFiltering - Copying 0 resource
2023-03-08 23:12:36,281 [Worker-36: Building] INFO  o.a.m.s.f.DefaultMavenResourcesFiltering - Copying 0 resource
2023-03-08 23:12:36,286 [Worker-36: Building] INFO  o.a.m.s.f.DefaultMavenResourcesFiltering - skip non existing resourceDirectory D:\Jayati\Training\SpringbootProject\springboot-first-app\springboot-first-app\src\test\resources
2024-07-21 08:17:39,458 [Worker-5: Loading available Gradle versions] INFO  o.e.b.c.i.u.g.PublishedGradleVersions - Gradle version information cache is up-to-date. Trying to read.
2024-07-21 08:21:13,400 [main] INFO  o.e.m2e.actions.ExecutePomAction - Using existing launch configuration
2024-07-21 08:21:13,856 [Worker-22: Launching springboot-first-app] INFO  o.e.m.i.launch.MavenLaunchDelegate - D:\Jayati\Training\SpringbootProject\springboot-first-app\springboot-first-app
2024-07-21 08:21:13,857 [Worker-22: Launching springboot-first-app] INFO  o.e.m.i.launch.MavenLaunchDelegate -  mvn -B clean install -X
2024-07-21 08:21:55,465 [main] INFO  o.e.m2e.actions.ExecutePomAction - Creating new launch configuration
2024-07-21 08:22:17,118 [Worker-23: Building] INFO  o.a.m.s.f.DefaultMavenResourcesFiltering - Copying 1 resource
2024-07-21 08:22:17,152 [Worker-23: Building] INFO  o.a.m.s.f.DefaultMavenResourcesFiltering - Copying 0 resource
2024-07-21 08:22:17,162 [Worker-23: Building] INFO  o.a.m.s.f.DefaultMavenResourcesFiltering - skip non existing resourceDirectory D:\Jayati\Training\SpringbootProject\springboot-first-app\springboot-first-app\src\test\resources
2024-07-21 08:24:37,699 [Worker-26: Building] INFO  o.a.m.s.f.DefaultMavenResourcesFiltering - Copying 1 resource
2024-07-21 08:24:37,724 [Worker-26: Building] INFO  o.a.m.s.f.DefaultMavenResourcesFiltering - Copying 0 resource
2024-07-21 08:24:37,732 [Worker-26: Building] INFO  o.a.m.s.f.DefaultMavenResourcesFiltering - skip non existing resourceDirectory D:\Jayati\Training\SpringbootProject\springboot-first-app\springboot-first-app\src\test\resources
