2024-07-27 08:55:51,066 [Worker-2: Loading available Gradle versions] INFO  o.e.b.c.i.u.g.PublishedGradleVersions - Gradle version information cache is out-of-date. Trying to update.
2024-07-27 08:58:24,397 [Worker-1: Importing Maven projects] INFO  o.e.m.c.i.l.LifecycleMappingFactory - Using org.eclipse.m2e.jdt.JarLifecycleMapping lifecycle mapping for MavenProject: com.springboot:springboot-first-app:0.0.1-SNAPSHOT @ D:\Jayati\Training\SpringbootProject\springboot-first-app\springboot-first-app\pom.xml.
2024-07-27 08:58:26,812 [Worker-1: Importing Maven projects] INFO  o.e.m.j.i.AbstractJavaProjectConfigurator - Adding source folder /springboot-first-app/src/main/java
2024-07-27 08:58:26,814 [Worker-1: Importing Maven projects] INFO  o.e.m.j.i.AbstractJavaProjectConfigurator - Adding resource folder /springboot-first-app/src/main/resources
2024-07-27 08:58:26,816 [Worker-1: Importing Maven projects] INFO  o.e.m.j.i.AbstractJavaProjectConfigurator - Adding resource folder /springboot-first-app/src/main/resources
2024-07-27 08:58:26,818 [Worker-1: Importing Maven projects] INFO  o.e.m.j.i.AbstractJavaProjectConfigurator - Adding source folder /springboot-first-app/src/test/java
2024-07-27 08:58:27,224 [Worker-1: Importing Maven projects] INFO  o.e.m.c.i.p.ProjectConfigurationManager - Imported and configured 1 project(s) in 8 sec
2024-07-27 08:58:30,275 [Worker-22: Building] INFO  o.a.m.s.f.DefaultMavenResourcesFiltering - Copying 1 resource
2024-07-27 08:58:30,325 [Worker-22: Building] INFO  o.a.m.s.f.DefaultMavenResourcesFiltering - Copying 0 resource
2024-07-27 08:58:30,335 [Worker-22: Building] INFO  o.a.m.s.f.DefaultMavenResourcesFiltering - skip non existing resourceDirectory D:\Jayati\Training\SpringbootProject\springboot-first-app\springboot-first-app\src\test\resources
2024-07-27 21:11:42,075 [Worker-0: Loading available Gradle versions] INFO  o.e.b.c.i.u.g.PublishedGradleVersions - Gradle version information cache is up-to-date. Trying to read.
2024-07-27 21:16:30,385 [Worker-7: Building] INFO  o.e.m.c.i.l.LifecycleMappingFactory - Using org.eclipse.m2e.jdt.JarLifecycleMapping lifecycle mapping for MavenProject: com.springboot:springboot-first-app:0.0.1-SNAPSHOT @ D:\Jayati\Training\SpringbootProject\springboot-first-app\springboot-first-app\pom.xml.
2024-07-27 21:16:31,990 [Worker-7: Building] INFO  o.a.m.s.f.DefaultMavenResourcesFiltering - skip non existing resourceDirectory D:\Jayati\Training\SpringbootProject\springboot-first-app\springboot-first-app\src\test\resources
2024-07-27 21:16:32,431 [Worker-5: Updating Maven Dependencies] INFO  o.e.m.c.i.l.LifecycleMappingFactory - Using org.eclipse.m2e.jdt.JarLifecycleMapping lifecycle mapping for MavenProject: com.springboot:springboot-first-app:0.0.1-SNAPSHOT @ D:\Jayati\Training\SpringbootProject\springboot-first-app\springboot-first-app\pom.xml.
2024-07-27 21:16:33,728 [Worker-7: Building] INFO  o.a.m.s.f.DefaultMavenResourcesFiltering - Copying 0 resource
2024-07-27 21:16:33,728 [Worker-7: Building] INFO  o.a.m.s.f.DefaultMavenResourcesFiltering - Copying 0 resource
2024-07-27 21:16:33,733 [Worker-7: Building] INFO  o.a.m.s.f.DefaultMavenResourcesFiltering - skip non existing resourceDirectory D:\Jayati\Training\SpringbootProject\springboot-first-app\springboot-first-app\src\test\resources
2024-07-27 21:17:45,292 [Worker-5: Launching SpringbootFirstAppApplication] INFO  o.a.m.s.f.DefaultMavenResourcesFiltering - Copying 1 resource
2024-07-27 21:17:45,321 [Worker-5: Launching SpringbootFirstAppApplication] INFO  o.a.m.s.f.DefaultMavenResourcesFiltering - Copying 0 resource
2024-07-27 21:17:45,326 [Worker-5: Launching SpringbootFirstAppApplication] INFO  o.a.m.s.f.DefaultMavenResourcesFiltering - skip non existing resourceDirectory D:\Jayati\Training\SpringbootProject\springboot-first-app\springboot-first-app\src\test\resources
2024-07-27 21:18:22,182 [main] INFO  o.e.m2e.actions.ExecutePomAction - Creating new launch configuration
2024-07-27 21:19:08,228 [Worker-7: Launching Executing clean in D__Jayati_Training_SpringbootProject_springboot-first-app_springboot-first-app] INFO  o.e.m.i.launch.MavenLaunchDelegate - D:\Jayati\Training\SpringbootProject\springboot-first-app\springboot-first-app
2024-07-27 21:19:08,229 [Worker-7: Launching Executing clean in D__Jayati_Training_SpringbootProject_springboot-first-app_springboot-first-app] INFO  o.e.m.i.launch.MavenLaunchDelegate -  mvn -B clean
2024-07-27 21:19:13,035 [Worker-7: Building] INFO  o.a.m.s.f.DefaultMavenResourcesFiltering - Copying 1 resource
2024-07-27 21:19:13,036 [Worker-7: Building] INFO  o.a.m.s.f.DefaultMavenResourcesFiltering - Copying 0 resource
2024-07-27 21:19:13,038 [Worker-7: Building] INFO  o.a.m.s.f.DefaultMavenResourcesFiltering - skip non existing resourceDirectory D:\Jayati\Training\SpringbootProject\springboot-first-app\springboot-first-app\src\test\resources
2024-07-27 21:19:39,347 [main] INFO  o.e.m2e.actions.ExecutePomAction - Creating new launch configuration
2024-07-27 21:19:49,656 [Worker-5: Launching springboot-first-app (1)] INFO  o.e.m.i.launch.MavenLaunchDelegate - D:\Jayati\Training\SpringbootProject\springboot-first-app\springboot-first-app
2024-07-27 21:19:49,656 [Worker-5: Launching springboot-first-app (1)] INFO  o.e.m.i.launch.MavenLaunchDelegate -  mvn -B clan install
2024-07-27 21:27:17,380 [Worker-23: Launching springboot-first-app] INFO  o.e.m.i.launch.MavenLaunchDelegate - D:\Jayati\Training\SpringbootProject\springboot-first-app\springboot-first-app
2024-07-27 21:27:17,381 [Worker-23: Launching springboot-first-app] INFO  o.e.m.i.launch.MavenLaunchDelegate -  mvn -B -X -e -U clean install -X
